  OpenCVApplication.cpp
d:\myworkspace\image processing\chessboarddetection\chessboarddetection\opencvapplication.cpp(512): warning C4244: 'argument': conversion from 'int' to '_Tp', possible loss of data
          with
          [
              _Tp=float
          ]
d:\myworkspace\image processing\chessboarddetection\chessboarddetection\opencvapplication.cpp(513): warning C4244: 'argument': conversion from 'int' to '_Tp', possible loss of data
          with
          [
              _Tp=float
          ]
d:\myworkspace\image processing\chessboarddetection\chessboarddetection\opencvapplication.cpp(514): warning C4244: 'argument': conversion from 'int' to '_Tp', possible loss of data
          with
          [
              _Tp=float
          ]
d:\myworkspace\image processing\chessboarddetection\chessboarddetection\opencvapplication.cpp(606): warning C4244: 'argument': conversion from '_Tp' to '_Tp', possible loss of data
          with
          [
              _Tp=int
          ]
          and
          [
              _Tp=float
          ]
d:\myworkspace\image processing\chessboarddetection\chessboarddetection\opencvapplication.cpp(607): warning C4244: 'argument': conversion from '_Tp' to '_Tp', possible loss of data
          with
          [
              _Tp=int
          ]
          and
          [
              _Tp=float
          ]
d:\myworkspace\image processing\chessboarddetection\chessboarddetection\opencvapplication.cpp(614): warning C4244: 'initializing': conversion from '_Tp' to 'int', possible loss of data
          with
          [
              _Tp=float
          ]
d:\myworkspace\image processing\chessboarddetection\chessboarddetection\opencvapplication.cpp(617): warning C4805: '|=': unsafe mix of type 'bool' and type 'int' in operation
d:\myworkspace\image processing\chessboarddetection\chessboarddetection\opencvapplication.cpp(617): warning C4805: '|': unsafe mix of type 'bool' and type 'int' in operation
d:\myworkspace\image processing\chessboarddetection\chessboarddetection\opencvapplication.cpp(627): warning C4244: 'initializing': conversion from '_Tp' to 'int', possible loss of data
          with
          [
              _Tp=float
          ]
d:\myworkspace\image processing\chessboarddetection\chessboarddetection\opencvapplication.cpp(630): warning C4805: '|=': unsafe mix of type 'bool' and type 'int' in operation
d:\myworkspace\image processing\chessboarddetection\chessboarddetection\opencvapplication.cpp(630): warning C4805: '|': unsafe mix of type 'bool' and type 'int' in operation
d:\myworkspace\image processing\chessboarddetection\chessboarddetection\opencvapplication.cpp(642): warning C4267: 'initializing': conversion from 'size_t' to 'int', possible loss of data
d:\myworkspace\image processing\chessboarddetection\chessboarddetection\opencvapplication.cpp(643): warning C4267: 'initializing': conversion from 'size_t' to 'int', possible loss of data
d:\myworkspace\image processing\chessboarddetection\chessboarddetection\opencvapplication.cpp(661): warning C4244: 'argument': conversion from '_Tp' to '_Tp', possible loss of data
          with
          [
              _Tp=int
          ]
          and
          [
              _Tp=float
          ]
d:\myworkspace\image processing\chessboarddetection\chessboarddetection\opencvapplication.cpp(698): warning C4244: 'initializing': conversion from '_Tp' to 'float', possible loss of data
          with
          [
              _Tp=int
          ]
d:\myworkspace\image processing\chessboarddetection\chessboarddetection\opencvapplication.cpp(719): warning C4101: 'houghTransformationUtil': unreferenced local variable
d:\myworkspace\image processing\chessboarddetection\chessboarddetection\opencvapplication.cpp(718): warning C4101: 'perspectiveProjectionUtil': unreferenced local variable
d:\myworkspace\image processing\chessboarddetection\chessboarddetection\opencvapplication.cpp(914): warning C4244: 'argument': conversion from 'time_t' to 'unsigned int', possible loss of data
  Generating code
  2 of 956 functions ( 0.2%) were compiled, the rest were copied from previous compilation.
    0 functions were new in current compilation
    53 functions had inline decision re-evaluated but remain unchanged
  Finished generating code
  OpenCVApplication.vcxproj -> D:\MyWorkSpace\Image Processing\ChessBoardDetection\ChessBoardDetection\x64\Release\OpenCVApplication.exe
  OpenCV\dll\Release\opencv_ffmpeg340_64.dll
  OpenCV\dll\Release\opencv_world340.dll
          2 file(s) copied.
