  stdafx.cpp
  common.cpp
d:\myworkspace\image processing\chessboarddetection\chessboarddetection\common.cpp(186): warning C4244: '=': conversion from 'double' to '_Tp', possible loss of data
          with
          [
              _Tp=float
          ]
d:\myworkspace\image processing\chessboarddetection\chessboarddetection\common.cpp(187): warning C4244: '=': conversion from 'double' to '_Tp', possible loss of data
          with
          [
              _Tp=float
          ]
d:\myworkspace\image processing\chessboarddetection\chessboarddetection\common.cpp(188): warning C4244: '=': conversion from 'double' to '_Tp', possible loss of data
          with
          [
              _Tp=float
          ]
d:\myworkspace\image processing\chessboarddetection\chessboarddetection\common.cpp(219): warning C4244: '=': conversion from 'double' to 'float', possible loss of data
d:\myworkspace\image processing\chessboarddetection\chessboarddetection\common.cpp(222): warning C4244: '=': conversion from 'double' to 'float', possible loss of data
d:\myworkspace\image processing\chessboarddetection\chessboarddetection\common.cpp(239): warning C4244: 'argument': conversion from 'float' to '_Tp', possible loss of data
          with
          [
              _Tp=uchar
          ]
d:\myworkspace\image processing\chessboarddetection\chessboarddetection\common.cpp(246): warning C4244: 'initializing': conversion from 'double' to 'float', possible loss of data
d:\myworkspace\image processing\chessboarddetection\chessboarddetection\common.cpp(247): warning C4244: 'initializing': conversion from 'double' to 'float', possible loss of data
d:\myworkspace\image processing\chessboarddetection\chessboarddetection\common.cpp(277): warning C4244: 'argument': conversion from '_Tp' to '_Tp', possible loss of data
          with
          [
              _Tp=float
          ]
          and
          [
              _Tp=uchar
          ]
d:\myworkspace\image processing\chessboarddetection\chessboarddetection\common.cpp(662): warning C4244: 'argument': conversion from 'time_t' to 'unsigned int', possible loss of data
d:\myworkspace\image processing\chessboarddetection\chessboarddetection\common.cpp(1190): warning C4244: '+=': conversion from 'double' to 'int', possible loss of data
d:\myworkspace\image processing\chessboarddetection\chessboarddetection\common.cpp(1205): warning C4244: '=': conversion from 'float' to 'int', possible loss of data
d:\myworkspace\image processing\chessboarddetection\chessboarddetection\common.cpp(1209): warning C4244: '=': conversion from 'float' to 'int', possible loss of data
d:\myworkspace\image processing\chessboarddetection\chessboarddetection\common.cpp(1755): warning C4244: '=': conversion from 'double' to '_Tp', possible loss of data
          with
          [
              _Tp=float
          ]
d:\myworkspace\image processing\chessboarddetection\chessboarddetection\common.cpp(1756): warning C4244: '=': conversion from 'double' to '_Tp', possible loss of data
          with
          [
              _Tp=float
          ]
d:\myworkspace\image processing\chessboarddetection\chessboarddetection\common.cpp(1797): warning C4244: '=': conversion from 'double' to '_Tp', possible loss of data
          with
          [
              _Tp=float
          ]
d:\myworkspace\image processing\chessboarddetection\chessboarddetection\common.cpp(1798): warning C4244: '=': conversion from 'double' to '_Tp', possible loss of data
          with
          [
              _Tp=float
          ]
d:\myworkspace\image processing\chessboarddetection\chessboarddetection\common.cpp(1881): warning C4474: 'printf' : too many arguments passed for format string
  d:\myworkspace\image processing\chessboarddetection\chessboarddetection\common.cpp(1881): note: placeholders and their parameters expect 1 variadic arguments, but 2 were provided
d:\myworkspace\image processing\chessboarddetection\chessboarddetection\common.cpp(1893): warning C4244: 'initializing': conversion from 'double' to 'float', possible loss of data
d:\myworkspace\image processing\chessboarddetection\chessboarddetection\common.cpp(1894): warning C4244: 'initializing': conversion from 'double' to 'float', possible loss of data
d:\myworkspace\image processing\chessboarddetection\chessboarddetection\common.cpp(1905): warning C4244: '=': conversion from 'double' to '_Tp', possible loss of data
          with
          [
              _Tp=float
          ]
d:\myworkspace\image processing\chessboarddetection\chessboarddetection\common.cpp(1945): warning C4244: 'initializing': conversion from 'double' to 'float', possible loss of data
d:\myworkspace\image processing\chessboarddetection\chessboarddetection\common.cpp(1946): warning C4244: 'initializing': conversion from 'double' to 'float', possible loss of data
d:\myworkspace\image processing\chessboarddetection\chessboarddetection\common.cpp(1955): warning C4244: '=': conversion from 'double' to 'float', possible loss of data
d:\myworkspace\image processing\chessboarddetection\chessboarddetection\common.cpp(2009): warning C4474: 'printf' : too many arguments passed for format string
  d:\myworkspace\image processing\chessboarddetection\chessboarddetection\common.cpp(2009): note: placeholders and their parameters expect 1 variadic arguments, but 2 were provided
d:\myworkspace\image processing\chessboarddetection\chessboarddetection\common.cpp(2174): warning C4244: 'initializing': conversion from 'double' to 'float', possible loss of data
d:\myworkspace\image processing\chessboarddetection\chessboarddetection\common.cpp(2211): warning C4244: 'initializing': conversion from 'float' to 'int', possible loss of data
d:\myworkspace\image processing\chessboarddetection\chessboarddetection\common.cpp(2469): warning C4244: 'argument': conversion from 'int' to '_Tp', possible loss of data
          with
          [
              _Tp=float
          ]
d:\myworkspace\image processing\chessboarddetection\chessboarddetection\common.cpp(2470): warning C4244: 'argument': conversion from 'int' to '_Tp', possible loss of data
          with
          [
              _Tp=float
          ]
d:\myworkspace\image processing\chessboarddetection\chessboarddetection\common.cpp(2471): warning C4244: 'argument': conversion from 'int' to '_Tp', possible loss of data
          with
          [
              _Tp=float
          ]
d:\myworkspace\image processing\chessboarddetection\chessboarddetection\common.cpp(2511): warning C4244: 'argument': conversion from 'double' to 'int', possible loss of data
  ObjectProperties.cpp
d:\myworkspace\image processing\chessboarddetection\chessboarddetection\objectproperties.cpp(72): warning C4305: '*=': truncation from 'double' to 'float'
d:\myworkspace\image processing\chessboarddetection\chessboarddetection\objectproperties.cpp(80): warning C4244: '=': conversion from 'double' to 'float', possible loss of data
d:\myworkspace\image processing\chessboarddetection\chessboarddetection\objectproperties.cpp(93): warning C4244: 'initializing': conversion from 'double' to 'float', possible loss of data
  OpenCVApplication.cpp
d:\myworkspace\image processing\chessboarddetection\chessboarddetection\opencvapplication.cpp(509): warning C4244: 'argument': conversion from 'int' to '_Tp', possible loss of data
          with
          [
              _Tp=float
          ]
d:\myworkspace\image processing\chessboarddetection\chessboarddetection\opencvapplication.cpp(510): warning C4244: 'argument': conversion from 'int' to '_Tp', possible loss of data
          with
          [
              _Tp=float
          ]
d:\myworkspace\image processing\chessboarddetection\chessboarddetection\opencvapplication.cpp(511): warning C4244: 'argument': conversion from 'int' to '_Tp', possible loss of data
          with
          [
              _Tp=float
          ]
d:\myworkspace\image processing\chessboarddetection\chessboarddetection\opencvapplication.cpp(693): warning C4244: 'argument': conversion from 'time_t' to 'unsigned int', possible loss of data
  Generating Code...
d:\myworkspace\image processing\chessboarddetection\chessboarddetection\common.cpp(501): warning C4715: 'reduceGrayLevels': not all control paths return a value
  OpenCVApplication.vcxproj -> D:\MyWorkSpace\Image Processing\ChessBoardDetection\ChessBoardDetection\x64\Debug\OpenCVApplication.exe
  OpenCV\dll\Debug\opencv_ffmpeg340_64.dll
  OpenCV\dll\Debug\opencv_world340d.dll
          2 file(s) copied.
